\BOOKMARK [1][-]{section*.1}{\376\377\000A\000b\000s\000t\000r\000a\000c\000t}{}% 1
\BOOKMARK [1][-]{section.1}{\376\377\0001\000\040\000I\000n\000t\000r\000o\000d\000u\000c\000t\000i\000o\000n}{}% 2
\BOOKMARK [1][-]{section.2}{\376\377\0002\000\040\000T\000h\000e\000\040\000G\000l\000o\000b\000a\000l\000M\000i\000n\000i\000m\000u\000m\000\040\000l\000i\000b\000r\000a\000r\000y}{}% 3
\BOOKMARK [2][-]{subsection.2.1}{\376\377\0002\000.\0001\000\040\000M\000e\000t\000h\000o\000d\000s}{section.2}% 4
\BOOKMARK [2][-]{subsection.2.2}{\376\377\0002\000.\0002\000\040\000S\000o\000f\000t\000w\000a\000r\000e\000\040\000a\000r\000c\000h\000a\000e\000o\000l\000o\000g\000y}{section.2}% 5
\BOOKMARK [1][-]{section.3}{\376\377\0003\000\040\000P\000a\000c\000k\000a\000g\000e\000\040\000d\000e\000s\000i\000g\000n}{}% 6
\BOOKMARK [2][-]{subsection.3.1}{\376\377\0003\000.\0001\000\040\000A\000r\000c\000h\000i\000t\000e\000c\000t\000u\000r\000e}{section.3}% 7
\BOOKMARK [2][-]{subsection.3.2}{\376\377\0003\000.\0002\000\040\000T\000h\000e\000\040\000R\000\040\000p\000a\000c\000k\000a\000g\000e}{section.3}% 8
\BOOKMARK [2][-]{subsection.3.3}{\376\377\0003\000.\0003\000\040\000T\000h\000e\000\040\000P\000y\000t\000h\000o\000n\000\040\000p\000a\000c\000k\000a\000g\000e\000\040\000a\000n\000d\000\040\000R\000u\000s\000t\000\040\000c\000r\000a\000t\000e}{section.3}% 9
\BOOKMARK [1][-]{section.4}{\376\377\0004\000\040\000W\000r\000a\000p\000\040\000v\000e\000r\000s\000u\000s\000\040\000r\000e\000w\000r\000i\000t\000e\000:\000\040\000a\000\040\000f\000i\000d\000e\000l\000i\000t\000y\000\040\000s\000t\000u\000d\000y}{}% 10
\BOOKMARK [2][-]{subsection.4.1}{\376\377\0004\000.\0001\000\040\000T\000h\000e\000\040\000`\000`\0004\000'\000'\000\040\000a\000n\000o\000m\000a\000l\000y}{section.4}% 11
\BOOKMARK [2][-]{subsection.4.2}{\376\377\0004\000.\0002\000\040\000D\000i\000a\000g\000n\000o\000s\000i\000s\000\040\000a\000n\000d\000\040\000r\000e\000p\000a\000i\000r}{section.4}% 12
\BOOKMARK [2][-]{subsection.4.3}{\376\377\0004\000.\0003\000\040\000C\000o\000r\000r\000e\000c\000t\000n\000e\000s\000s\000\040\000h\000a\000z\000a\000r\000d\000s\000\040\000o\000f\000\040\000r\000e\000w\000r\000i\000t\000i\000n\000g}{section.4}% 13
\BOOKMARK [1][-]{section.5}{\376\377\0005\000\040\000B\000e\000n\000c\000h\000m\000a\000r\000k\000\040\000d\000e\000s\000i\000g\000n}{}% 14
\BOOKMARK [1][-]{section.6}{\376\377\0006\000\040\000R\000e\000s\000u\000l\000t\000s}{}% 15
\BOOKMARK [2][-]{subsection.6.1}{\376\377\0006\000.\0001\000\040\000W\000h\000e\000r\000e\000\040\000t\000h\000e\000\040\0001\0009\0008\0009\000\040\000m\000e\000t\000h\000o\000d\000s\000\040\000s\000t\000a\000n\000d}{section.6}% 16
\BOOKMARK [2][-]{subsection.6.2}{\376\377\0006\000.\0002\000\040\000E\000x\000t\000e\000r\000n\000a\000l\000\040\000v\000a\000l\000i\000d\000a\000t\000i\000o\000n\000\040\000o\000n\000\040\000B\000B\000O\000B}{section.6}% 17
\BOOKMARK [2][-]{subsection.6.3}{\376\377\0006\000.\0003\000\040\000O\000v\000e\000r\000h\000e\000a\000d\000s\000\040\000a\000n\000d\000\040\000t\000h\000r\000o\000u\000g\000h\000p\000u\000t}{section.6}% 18
\BOOKMARK [1][-]{section.7}{\376\377\0007\000\040\000D\000i\000s\000c\000u\000s\000s\000i\000o\000n}{}% 19
\BOOKMARK [1][-]{section.8}{\376\377\0008\000\040\000R\000e\000l\000a\000t\000e\000d\000\040\000w\000o\000r\000k}{}% 20
\BOOKMARK [1][-]{section.9}{\376\377\0009\000\040\000A\000v\000a\000i\000l\000a\000b\000i\000l\000i\000t\000y}{}% 21
\BOOKMARK [1][-]{appendix.A}{\376\377\000A\000\040\000M\000e\000d\000i\000a\000n\000\040\000t\000e\000r\000m\000i\000n\000a\000l\000\040\000g\000a\000p\000s}{}% 22
\BOOKMARK [1][-]{section*.31}{\376\377\000R\000e\000f\000e\000r\000e\000n\000c\000e\000s}{}% 23
